<?xml version="1.0" encoding="UTF-8"?>
<testsuite xmlns:xsi="http://www.w3.org/2001/XMLSchema-instance" xsi:noNamespaceSchemaLocation="https://maven.apache.org/surefire/maven-surefire-plugin/xsd/surefire-test-report-3.0.xsd" version="3.0" name="TestSuite" time="3.497" tests="3" errors="0" skipped="2" failures="1">
  <properties>
[...]
</properties>
  <testcase name="SetUp" classname="Tests.ComputerTest" time="3.492">
    <failure message="session not created: This version of ChromeDriver only supports Chrome version 89&#10;Current browser version is 88.0.4324.190 with binary path C:\Program Files (x86)\Google\Chrome\Application\chrome.exe&#10;Build info: version: &apos;3.141.59&apos;, revision: &apos;e82be7d358&apos;, time: &apos;2018-11-14T08:17:03&apos;&#10;System info: host: &apos;DESKTOP-GFJUSGU&apos;, ip: &apos;192.168.10.1&apos;, os.name: &apos;Windows 10&apos;, os.arch: &apos;amd64&apos;, os.version: &apos;10.0&apos;, java.version: &apos;1.8.0_251&apos;&#10;Driver info: driver.version: ChromeDriver&#10;remote stacktrace: Backtrace:&#10;	Ordinal0 [0x00F8E7D3+124883]&#10;	Ordinal0 [0x00F8E7B1+124849]&#10;	GetHandleVerifier [0x011D8688+193832]&#10;	GetHandleVerifier [0x011F3AC5+305509]&#10;	GetHandleVerifier [0x011F021B+291003]&#10;	GetHandleVerifier [0x011EE0AC+282444]&#10;	GetHandleVerifier [0x01214A90+440624]&#10;	GetHandleVerifier [0x012147FC+439964]&#10;	GetHandleVerifier [0x0121154B+426987]&#10;	GetHandleVerifier [0x011F4FFD+310941]&#10;	GetHandleVerifier [0x011F5D8E+314414]&#10;	GetHandleVerifier [0x011F5D19+314297]&#10;	GetHandleVerifier [0x012B31EC+1089676]&#10;	GetHandleVerifier [0x012B17C9+1082985]&#10;	GetHandleVerifier [0x012B13A3+1081923]&#10;	GetHandleVerifier [0x013AD9FD+2115741]&#10;	Ordinal0 [0x010DB82E+1488942]&#10;	Ordinal0 [0x01075A7D+1071741]&#10;	Ordinal0 [0x0107559B+1070491]&#10;	Ordinal0 [0x010754B1+1070257]&#10;	Ordinal0 [0x010AFF53+1310547]&#10;	BaseThreadInitThunk [0x775A6359+25]&#10;	RtlGetAppContainerNamedObjectPath [0x77818944+228]&#10;	RtlGetAppContainerNamedObjectPath [0x77818914+180]&#10;" type="org.openqa.selenium.SessionNotCreatedException"><![CDATA[org.openqa.selenium.SessionNotCreatedException: 
session not created: This version of ChromeDriver only supports Chrome version 89
Current browser version is 88.0.4324.190 with binary path C:\Program Files (x86)\Google\Chrome\Application\chrome.exe
Build info: version: '3.141.59', revision: 'e82be7d358', time: '2018-11-14T08:17:03'
System info: host: 'DESKTOP-GFJUSGU', ip: '192.168.10.1', os.name: 'Windows 10', os.arch: 'amd64', os.version: '10.0', java.version: '1.8.0_251'
Driver info: driver.version: ChromeDriver
remote stacktrace: Backtrace:
	Ordinal0 [0x00F8E7D3+124883]
	Ordinal0 [0x00F8E7B1+124849]
	GetHandleVerifier [0x011D8688+193832]
	GetHandleVerifier [0x011F3AC5+305509]
	GetHandleVerifier [0x011F021B+291003]
	GetHandleVerifier [0x011EE0AC+282444]
	GetHandleVerifier [0x01214A90+440624]
	GetHandleVerifier [0x012147FC+439964]
	GetHandleVerifier [0x0121154B+426987]
	GetHandleVerifier [0x011F4FFD+310941]
	GetHandleVerifier [0x011F5D8E+314414]
	GetHandleVerifier [0x011F5D19+314297]
	GetHandleVerifier [0x012B31EC+1089676]
	GetHandleVerifier [0x012B17C9+1082985]
	GetHandleVerifier [0x012B13A3+1081923]
	GetHandleVerifier [0x013AD9FD+2115741]
	Ordinal0 [0x010DB82E+1488942]
	Ordinal0 [0x01075A7D+1071741]
	Ordinal0 [0x0107559B+1070491]
	Ordinal0 [0x010754B1+1070257]
	Ordinal0 [0x010AFF53+1310547]
	BaseThreadInitThunk [0x775A6359+25]
	RtlGetAppContainerNamedObjectPath [0x77818944+228]
	RtlGetAppContainerNamedObjectPath [0x77818914+180]

	at Tests.ComputerTest.SetUp(ComputerTest.java:25)
]]></failure>
    <system-err><![CDATA[Starting ChromeDriver 89.0.4389.23 (61b08ee2c50024bab004e48d2b1b083cdbdac579-refs/branch-heads/4389@{#294}) on port 46203
Only local connections are allowed.
Please see https://chromedriver.chromium.org/security-considerations for suggestions on keeping ChromeDriver safe.
ChromeDriver was started successfully.
]]></system-err>
  </testcase>
  <testcase name="AddNewComputer" classname="Tests.ComputerTest" time="0">
    <skipped message="session not created: This version of ChromeDriver only supports Chrome version 89&#10;Current browser version is 88.0.4324.190 with binary path C:\Program Files (x86)\Google\Chrome\Application\chrome.exe&#10;Build info: version: &apos;3.141.59&apos;, revision: &apos;e82be7d358&apos;, time: &apos;2018-11-14T08:17:03&apos;&#10;System info: host: &apos;DESKTOP-GFJUSGU&apos;, ip: &apos;192.168.10.1&apos;, os.name: &apos;Windows 10&apos;, os.arch: &apos;amd64&apos;, os.version: &apos;10.0&apos;, java.version: &apos;1.8.0_251&apos;&#10;Driver info: driver.version: ChromeDriver&#10;remote stacktrace: Backtrace:&#10;	Ordinal0 [0x00F8E7D3+124883]&#10;	Ordinal0 [0x00F8E7B1+124849]&#10;	GetHandleVerifier [0x011D8688+193832]&#10;	GetHandleVerifier [0x011F3AC5+305509]&#10;	GetHandleVerifier [0x011F021B+291003]&#10;	GetHandleVerifier [0x011EE0AC+282444]&#10;	GetHandleVerifier [0x01214A90+440624]&#10;	GetHandleVerifier [0x012147FC+439964]&#10;	GetHandleVerifier [0x0121154B+426987]&#10;	GetHandleVerifier [0x011F4FFD+310941]&#10;	GetHandleVerifier [0x011F5D8E+314414]&#10;	GetHandleVerifier [0x011F5D19+314297]&#10;	GetHandleVerifier [0x012B31EC+1089676]&#10;	GetHandleVerifier [0x012B17C9+1082985]&#10;	GetHandleVerifier [0x012B13A3+1081923]&#10;	GetHandleVerifier [0x013AD9FD+2115741]&#10;	Ordinal0 [0x010DB82E+1488942]&#10;	Ordinal0 [0x01075A7D+1071741]&#10;	Ordinal0 [0x0107559B+1070491]&#10;	Ordinal0 [0x010754B1+1070257]&#10;	Ordinal0 [0x010AFF53+1310547]&#10;	BaseThreadInitThunk [0x775A6359+25]&#10;	RtlGetAppContainerNamedObjectPath [0x77818944+228]&#10;	RtlGetAppContainerNamedObjectPath [0x77818914+180]&#10;"/>
    <system-out><![CDATA[S
]]></system-out>
  </testcase>
  <testcase name="Quit" classname="Tests.ComputerTest" time="0">
    <skipped/>
  </testcase>
</testsuite>